# JRE version: OpenJDK Runtime Environment (8.0_202-b03) (build 1.8.0_202-release-1483-b03)
# Java VM: OpenJDK 64-Bit Server VM (25.202-b03 mixed mode windows-amd64 compressed oops)
Heap:
 PSYoungGen      total 151040K, used 16206K [0x00000000e0000000, 0x00000000eb800000, 0x0000000100000000)
  eden space 138752K, 11% used [0x00000000e0000000,0x00000000e0fd3be8,0x00000000e8780000)
  from space 12288K, 0% used [0x00000000e9680000,0x00000000e9680000,0x00000000ea280000)
  to   space 15360K, 0% used [0x00000000e8780000,0x00000000e8780000,0x00000000e9680000)
 ParOldGen       total 49152K, used 26934K [0x00000000a0000000, 0x00000000a3000000, 0x00000000e0000000)
  object space 49152K, 54% used [0x00000000a0000000,0x00000000a1a4d970,0x00000000a3000000)
 Metaspace       used 56303K, capacity 57814K, committed 58200K, reserved 1101824K
  class space    used 7660K, capacity 8002K, committed 8064K, reserved 1048576K
GC Heap History (10 events):
Event: 40.979 GC heap before
{Heap before GC invocations=15 (full 3):
 PSYoungGen      total 154624K, used 7272K [0x00000000e0000000, 0x00000000ebb80000, 0x0000000100000000)
  eden space 142336K, 0% used [0x00000000e0000000,0x00000000e0000000,0x00000000e8b00000)
  from space 12288K, 59% used [0x00000000e9680000,0x00000000e9d9a1d0,0x00000000ea280000)
  to   space 11776K, 0% used [0x00000000e8b00000,0x00000000e8b00000,0x00000000e9680000)
 ParOldGen       total 49152K, used 29915K [0x00000000a0000000, 0x00000000a3000000, 0x00000000e0000000)
  object space 49152K, 60% used [0x00000000a0000000,0x00000000a1d36ea0,0x00000000a3000000)
 Metaspace       used 53155K, capacity 54562K, committed 54616K, reserved 1099776K
  class space    used 7170K, capacity 7534K, committed 7552K, reserved 1048576K
Event: 41.236 GC heap after
Heap after GC invocations=15 (full 3):
 PSYoungGen      total 154624K, used 0K [0x00000000e0000000, 0x00000000ebb80000, 0x0000000100000000)
  eden space 142336K, 0% used [0x00000000e0000000,0x00000000e0000000,0x00000000e8b00000)
  from space 12288K, 0% used [0x00000000e9680000,0x00000000e9680000,0x00000000ea280000)
  to   space 11776K, 0% used [0x00000000e8b00000,0x00000000e8b00000,0x00000000e9680000)
 ParOldGen       total 49152K, used 29484K [0x00000000a0000000, 0x00000000a3000000, 0x00000000e0000000)
  object space 49152K, 59% used [0x00000000a0000000,0x00000000a1ccb3b0,0x00000000a3000000)
 Metaspace       used 53155K, capacity 54562K, committed 54616K, reserved 1097728K
  class space    used 7170K, capacity 7534K, committed 7552K, reserved 1048576K
}
Event: 41.561 GC heap before
{Heap before GC invocations=16 (full 3):
 PSYoungGen      total 154624K, used 13431K [0x00000000e0000000, 0x00000000ebb80000, 0x0000000100000000)
  eden space 142336K, 9% used [0x00000000e0000000,0x00000000e0d1de30,0x00000000e8b00000)
  from space 12288K, 0% used [0x00000000e9680000,0x00000000e9680000,0x00000000ea280000)
  to   space 11776K, 0% used [0x00000000e8b00000,0x00000000e8b00000,0x00000000e9680000)
 ParOldGen       total 49152K, used 29484K [0x00000000a0000000, 0x00000000a3000000, 0x00000000e0000000)
  object space 49152K, 59% used [0x00000000a0000000,0x00000000a1ccb3b0,0x00000000a3000000)
 Metaspace       used 54590K, capacity 55976K, committed 56152K, reserved 1101824K
  class space    used 7371K, capacity 7727K, committed 7808K, reserved 1048576K
Event: 41.569 GC heap after
Heap after GC invocations=16 (full 3):
 PSYoungGen      total 154112K, used 1533K [0x00000000e0000000, 0x00000000ebb80000, 0x0000000100000000)
  eden space 142336K, 0% used [0x00000000e0000000,0x00000000e0000000,0x00000000e8b00000)
  from space 11776K, 13% used [0x00000000e8b00000,0x00000000e8c7f590,0x00000000e9680000)
  to   space 12288K, 0% used [0x00000000e9680000,0x00000000e9680000,0x00000000ea280000)
 ParOldGen       total 49152K, used 29484K [0x00000000a0000000, 0x00000000a3000000, 0x00000000e0000000)
  object space 49152K, 59% used [0x00000000a0000000,0x00000000a1ccb3b0,0x00000000a3000000)
 Metaspace       used 54590K, capacity 55976K, committed 56152K, reserved 1101824K
  class space    used 7371K, capacity 7727K, committed 7808K, reserved 1048576K
}
Event: 41.569 GC heap before
{Heap before GC invocations=17 (full 4):
 PSYoungGen      total 154112K, used 1533K [0x00000000e0000000, 0x00000000ebb80000, 0x0000000100000000)
  eden space 142336K, 0% used [0x00000000e0000000,0x00000000e0000000,0x00000000e8b00000)
  from space 11776K, 13% used [0x00000000e8b00000,0x00000000e8c7f590,0x00000000e9680000)
  to   space 12288K, 0% used [0x00000000e9680000,0x00000000e9680000,0x00000000ea280000)
 ParOldGen       total 49152K, used 29484K [0x00000000a0000000, 0x00000000a3000000, 0x00000000e0000000)
  object space 49152K, 59% used [0x00000000a0000000,0x00000000a1ccb3b0,0x00000000a3000000)
 Metaspace       used 54590K, capacity 55976K, committed 56152K, reserved 1101824K
  class space    used 7371K, capacity 7727K, committed 7808K, reserved 1048576K
Event: 41.665 GC heap after
Heap after GC invocations=17 (full 4):
 PSYoungGen      total 154112K, used 0K [0x00000000e0000000, 0x00000000ebb80000, 0x0000000100000000)
  eden space 142336K, 0% used [0x00000000e0000000,0x00000000e0000000,0x00000000e8b00000)
  from space 11776K, 0% used [0x00000000e8b00000,0x00000000e8b00000,0x00000000e9680000)
  to   space 12288K, 0% used [0x00000000e9680000,0x00000000e9680000,0x00000000ea280000)
 ParOldGen       total 49152K, used 27133K [0x00000000a0000000, 0x00000000a3000000, 0x00000000e0000000)
  object space 49152K, 55% used [0x00000000a0000000,0x00000000a1a7f6e0,0x00000000a3000000)
 Metaspace       used 54590K, capacity 55976K, committed 56152K, reserved 1099776K
  class space    used 7371K, capacity 7727K, committed 7808K, reserved 1048576K
}
Event: 41.827 GC heap before
{Heap before GC invocations=18 (full 4):
 PSYoungGen      total 154112K, used 10724K [0x00000000e0000000, 0x00000000ebb80000, 0x0000000100000000)
  eden space 142336K, 7% used [0x00000000e0000000,0x00000000e0a79098,0x00000000e8b00000)
  from space 11776K, 0% used [0x00000000e8b00000,0x00000000e8b00000,0x00000000e9680000)
  to   space 12288K, 0% used [0x00000000e9680000,0x00000000e9680000,0x00000000ea280000)
 ParOldGen       total 49152K, used 27133K [0x00000000a0000000, 0x00000000a3000000, 0x00000000e0000000)
  object space 49152K, 55% used [0x00000000a0000000,0x00000000a1a7f6e0,0x00000000a3000000)
 Metaspace       used 55227K, capacity 56630K, committed 56792K, reserved 1103872K
  class space    used 7494K, capacity 7868K, committed 7936K, reserved 1048576K
Event: 41.830 GC heap after
Heap after GC invocations=18 (full 4):
 PSYoungGen      total 151040K, used 800K [0x00000000e0000000, 0x00000000eb800000, 0x0000000100000000)
  eden space 138752K, 0% used [0x00000000e0000000,0x00000000e0000000,0x00000000e8780000)
  from space 12288K, 6% used [0x00000000e9680000,0x00000000e9748000,0x00000000ea280000)
  to   space 15360K, 0% used [0x00000000e8780000,0x00000000e8780000,0x00000000e9680000)
 ParOldGen       total 49152K, used 27141K [0x00000000a0000000, 0x00000000a3000000, 0x00000000e0000000)
  object space 49152K, 55% used [0x00000000a0000000,0x00000000a1a816e0,0x00000000a3000000)
 Metaspace       used 55227K, capacity 56630K, committed 56792K, reserved 1103872K
  class space    used 7494K, capacity 7868K, committed 7936K, reserved 1048576K
}
Event: 41.830 GC heap before
{Heap before GC invocations=19 (full 5):
 PSYoungGen      total 151040K, used 800K [0x00000000e0000000, 0x00000000eb800000, 0x0000000100000000)
  eden space 138752K, 0% used [0x00000000e0000000,0x00000000e0000000,0x00000000e8780000)
  from space 12288K, 6% used [0x00000000e9680000,0x00000000e9748000,0x00000000ea280000)
  to   space 15360K, 0% used [0x00000000e8780000,0x00000000e8780000,0x00000000e9680000)
 ParOldGen       total 49152K, used 27141K [0x00000000a0000000, 0x00000000a3000000, 0x00000000e0000000)
  object space 49152K, 55% used [0x00000000a0000000,0x00000000a1a816e0,0x00000000a3000000)
 Metaspace       used 55227K, capacity 56630K, committed 56792K, reserved 1103872K
  class space    used 7494K, capacity 7868K, committed 7936K, reserved 1048576K
Event: 41.925 GC heap after
Heap after GC invocations=19 (full 5):
 PSYoungGen      total 151040K, used 0K [0x00000000e0000000, 0x00000000eb800000, 0x0000000100000000)
  eden space 138752K, 0% used [0x00000000e0000000,0x00000000e0000000,0x00000000e8780000)
  from space 12288K, 0% used [0x00000000e9680000,0x00000000e9680000,0x00000000ea280000)
  to   space 15360K, 0% used [0x00000000e8780000,0x00000000e8780000,0x00000000e9680000)
 ParOldGen       total 49152K, used 26934K [0x00000000a0000000, 0x00000000a3000000, 0x00000000e0000000)
  object space 49152K, 54% used [0x00000000a0000000,0x00000000a1a4d970,0x00000000a3000000)
 Metaspace       used 55227K, capacity 56630K, committed 56792K, reserved 1101824K
  class space    used 7494K, capacity 7868K, committed 7936K, reserved 1048576K
}

