# JRE version: OpenJDK Runtime Environment (8.0_202-b03) (build 1.8.0_202-release-1483-b03)
# Java VM: OpenJDK 64-Bit Server VM (25.202-b03 mixed mode windows-amd64 compressed oops)
Heap:
 PSYoungGen      total 137216K, used 18157K [0x00000000e0000000, 0x00000000eae80000, 0x0000000100000000)
  eden space 121856K, 2% used [0x00000000e0000000,0x00000000e02bef28,0x00000000e7700000)
  from space 15360K, 99% used [0x00000000e9f80000,0x00000000eae7c818,0x00000000eae80000)
  to   space 12288K, 0% used [0x00000000e7700000,0x00000000e7700000,0x00000000e8300000)
 ParOldGen       total 63488K, used 24726K [0x00000000a0000000, 0x00000000a3e00000, 0x00000000e0000000)
  object space 63488K, 38% used [0x00000000a0000000,0x00000000a1825870,0x00000000a3e00000)
 Metaspace       used 56460K, capacity 57846K, committed 57944K, reserved 1099776K
  class space    used 7679K, capacity 8012K, committed 8064K, reserved 1048576K
GC Heap History (10 events):
Event: 28.450 GC heap before
{Heap before GC invocations=10 (full 1):
 PSYoungGen      total 93696K, used 93658K [0x00000000e0000000, 0x00000000e8d80000, 0x0000000100000000)
  eden space 86016K, 100% used [0x00000000e0000000,0x00000000e5400000,0x00000000e5400000)
  from space 7680K, 99% used [0x00000000e8600000,0x00000000e8d76a48,0x00000000e8d80000)
  to   space 10240K, 0% used [0x00000000e7980000,0x00000000e7980000,0x00000000e8380000)
 ParOldGen       total 42496K, used 12858K [0x00000000a0000000, 0x00000000a2980000, 0x00000000e0000000)
  object space 42496K, 30% used [0x00000000a0000000,0x00000000a0c8e878,0x00000000a2980000)
 Metaspace       used 33385K, capacity 33986K, committed 34304K, reserved 1079296K
  class space    used 4584K, capacity 4778K, committed 4864K, reserved 1048576K
Event: 28.469 GC heap after
Heap after GC invocations=10 (full 1):
 PSYoungGen      total 111616K, used 10209K [0x00000000e0000000, 0x00000000e8680000, 0x0000000100000000)
  eden space 101376K, 0% used [0x00000000e0000000,0x00000000e0000000,0x00000000e6300000)
  from space 10240K, 99% used [0x00000000e7980000,0x00000000e8378430,0x00000000e8380000)
  to   space 3072K, 0% used [0x00000000e8380000,0x00000000e8380000,0x00000000e8680000)
 ParOldGen       total 42496K, used 13181K [0x00000000a0000000, 0x00000000a2980000, 0x00000000e0000000)
  object space 42496K, 31% used [0x00000000a0000000,0x00000000a0cdf550,0x00000000a2980000)
 Metaspace       used 33385K, capacity 33986K, committed 34304K, reserved 1079296K
  class space    used 4584K, capacity 4778K, committed 4864K, reserved 1048576K
}
Event: 36.708 GC heap before
{Heap before GC invocations=11 (full 1):
 PSYoungGen      total 111616K, used 40560K [0x00000000e0000000, 0x00000000e8680000, 0x0000000100000000)
  eden space 101376K, 29% used [0x00000000e0000000,0x00000000e1da3cd0,0x00000000e6300000)
  from space 10240K, 99% used [0x00000000e7980000,0x00000000e8378430,0x00000000e8380000)
  to   space 3072K, 0% used [0x00000000e8380000,0x00000000e8380000,0x00000000e8680000)
 ParOldGen       total 42496K, used 13181K [0x00000000a0000000, 0x00000000a2980000, 0x00000000e0000000)
  object space 42496K, 31% used [0x00000000a0000000,0x00000000a0cdf550,0x00000000a2980000)
 Metaspace       used 34538K, capacity 35168K, committed 35416K, reserved 1079296K
  class space    used 4749K, capacity 4933K, committed 4992K, reserved 1048576K
Event: 36.957 GC heap after
Heap after GC invocations=11 (full 1):
 PSYoungGen      total 124928K, used 3072K [0x00000000e0000000, 0x00000000e8f00000, 0x0000000100000000)
  eden space 121856K, 0% used [0x00000000e0000000,0x00000000e0000000,0x00000000e7700000)
  from space 3072K, 100% used [0x00000000e8380000,0x00000000e8680000,0x00000000e8680000)
  to   space 12288K, 0% used [0x00000000e7700000,0x00000000e7700000,0x00000000e8300000)
 ParOldGen       total 42496K, used 18946K [0x00000000a0000000, 0x00000000a2980000, 0x00000000e0000000)
  object space 42496K, 44% used [0x00000000a0000000,0x00000000a1280830,0x00000000a2980000)
 Metaspace       used 34538K, capacity 35168K, committed 35416K, reserved 1079296K
  class space    used 4749K, capacity 4933K, committed 4992K, reserved 1048576K
}
Event: 36.957 GC heap before
{Heap before GC invocations=12 (full 2):
 PSYoungGen      total 124928K, used 3072K [0x00000000e0000000, 0x00000000e8f00000, 0x0000000100000000)
  eden space 121856K, 0% used [0x00000000e0000000,0x00000000e0000000,0x00000000e7700000)
  from space 3072K, 100% used [0x00000000e8380000,0x00000000e8680000,0x00000000e8680000)
  to   space 12288K, 0% used [0x00000000e7700000,0x00000000e7700000,0x00000000e8300000)
 ParOldGen       total 42496K, used 18946K [0x00000000a0000000, 0x00000000a2980000, 0x00000000e0000000)
  object space 42496K, 44% used [0x00000000a0000000,0x00000000a1280830,0x00000000a2980000)
 Metaspace       used 34538K, capacity 35168K, committed 35416K, reserved 1079296K
  class space    used 4749K, capacity 4933K, committed 4992K, reserved 1048576K
Event: 37.412 GC heap after
Heap after GC invocations=12 (full 2):
 PSYoungGen      total 124928K, used 0K [0x00000000e0000000, 0x00000000e8f00000, 0x0000000100000000)
  eden space 121856K, 0% used [0x00000000e0000000,0x00000000e0000000,0x00000000e7700000)
  from space 3072K, 0% used [0x00000000e8380000,0x00000000e8380000,0x00000000e8680000)
  to   space 12288K, 0% used [0x00000000e7700000,0x00000000e7700000,0x00000000e8300000)
 ParOldGen       total 63488K, used 15512K [0x00000000a0000000, 0x00000000a3e00000, 0x00000000e0000000)
  object space 63488K, 24% used [0x00000000a0000000,0x00000000a0f263e8,0x00000000a3e00000)
 Metaspace       used 34538K, capacity 35168K, committed 35416K, reserved 1079296K
  class space    used 4749K, capacity 4933K, committed 4992K, reserved 1048576K
}
Event: 45.448 GC heap before
{Heap before GC invocations=13 (full 2):
 PSYoungGen      total 124928K, used 121856K [0x00000000e0000000, 0x00000000e8f00000, 0x0000000100000000)
  eden space 121856K, 100% used [0x00000000e0000000,0x00000000e7700000,0x00000000e7700000)
  from space 3072K, 0% used [0x00000000e8380000,0x00000000e8380000,0x00000000e8680000)
  to   space 12288K, 0% used [0x00000000e7700000,0x00000000e7700000,0x00000000e8300000)
 ParOldGen       total 63488K, used 15512K [0x00000000a0000000, 0x00000000a3e00000, 0x00000000e0000000)
  object space 63488K, 24% used [0x00000000a0000000,0x00000000a0f263e8,0x00000000a3e00000)
 Metaspace       used 45800K, capacity 46852K, committed 47192K, reserved 1089536K
  class space    used 6170K, capacity 6461K, committed 6528K, reserved 1048576K
Event: 45.510 GC heap after
Heap after GC invocations=13 (full 2):
 PSYoungGen      total 134144K, used 12280K [0x00000000e0000000, 0x00000000eae80000, 0x0000000100000000)
  eden space 121856K, 0% used [0x00000000e0000000,0x00000000e0000000,0x00000000e7700000)
  from space 12288K, 99% used [0x00000000e7700000,0x00000000e82fe140,0x00000000e8300000)
  to   space 15360K, 0% used [0x00000000e9f80000,0x00000000e9f80000,0x00000000eae80000)
 ParOldGen       total 63488K, used 18937K [0x00000000a0000000, 0x00000000a3e00000, 0x00000000e0000000)
  object space 63488K, 29% used [0x00000000a0000000,0x00000000a127e480,0x00000000a3e00000)
 Metaspace       used 45800K, capacity 46852K, committed 47192K, reserved 1089536K
  class space    used 6170K, capacity 6461K, committed 6528K, reserved 1048576K
}
Event: 51.297 GC heap before
{Heap before GC invocations=14 (full 2):
 PSYoungGen      total 134144K, used 134136K [0x00000000e0000000, 0x00000000eae80000, 0x0000000100000000)
  eden space 121856K, 100% used [0x00000000e0000000,0x00000000e7700000,0x00000000e7700000)
  from space 12288K, 99% used [0x00000000e7700000,0x00000000e82fe140,0x00000000e8300000)
  to   space 15360K, 0% used [0x00000000e9f80000,0x00000000e9f80000,0x00000000eae80000)
 ParOldGen       total 63488K, used 18937K [0x00000000a0000000, 0x00000000a3e00000, 0x00000000e0000000)
  object space 63488K, 29% used [0x00000000a0000000,0x00000000a127e480,0x00000000a3e00000)
 Metaspace       used 56450K, capacity 57846K, committed 57944K, reserved 1099776K
  class space    used 7677K, capacity 8012K, committed 8064K, reserved 1048576K
Event: 51.388 GC heap after
Heap after GC invocations=14 (full 2):
 PSYoungGen      total 137216K, used 15346K [0x00000000e0000000, 0x00000000eae80000, 0x0000000100000000)
  eden space 121856K, 0% used [0x00000000e0000000,0x00000000e0000000,0x00000000e7700000)
  from space 15360K, 99% used [0x00000000e9f80000,0x00000000eae7c818,0x00000000eae80000)
  to   space 12288K, 0% used [0x00000000e7700000,0x00000000e7700000,0x00000000e8300000)
 ParOldGen       total 63488K, used 24726K [0x00000000a0000000, 0x00000000a3e00000, 0x00000000e0000000)
  object space 63488K, 38% used [0x00000000a0000000,0x00000000a1825870,0x00000000a3e00000)
 Metaspace       used 56450K, capacity 57846K, committed 57944K, reserved 1099776K
  class space    used 7677K, capacity 8012K, committed 8064K, reserved 1048576K
}

